<?xml version="1.0" encoding="UTF-8"?>
<testsuite name="com.gkatzioura.spring.security.EncoderTest" time="1.281" tests="4" errors="0" skipped="0" failures="0">
  <properties>
    <property name="java.runtime.name" value="Java(TM) SE Runtime Environment"/>
    <property name="sun.boot.library.path" value="F:\IoT-Architecture\IoT-Softwares\jdk1.8.0_65\jre\bin"/>
    <property name="java.vm.version" value="25.65-b01"/>
    <property name="java.vm.vendor" value="Oracle Corporation"/>
    <property name="maven.multiModuleProjectDirectory" value="F:\spring-microservices\stsworks\spring-boot-security-mongodb-auth1"/>
    <property name="java.vendor.url" value="http://java.oracle.com/"/>
    <property name="path.separator" value=";"/>
    <property name="guice.disable.misplaced.annotation.check" value="true"/>
    <property name="java.vm.name" value="Java HotSpot(TM) 64-Bit Server VM"/>
    <property name="file.encoding.pkg" value="sun.io"/>
    <property name="user.script" value=""/>
    <property name="user.country" value="IN"/>
    <property name="sun.java.launcher" value="SUN_STANDARD"/>
    <property name="sun.os.patch.level" value=""/>
    <property name="java.vm.specification.name" value="Java Virtual Machine Specification"/>
    <property name="user.dir" value="F:\spring-microservices\stsworks\spring-boot-security-mongodb-auth1"/>
    <property name="java.runtime.version" value="1.8.0_65-b17"/>
    <property name="java.awt.graphicsenv" value="sun.awt.Win32GraphicsEnvironment"/>
    <property name="java.endorsed.dirs" value="F:\IoT-Architecture\IoT-Softwares\jdk1.8.0_65\jre\lib\endorsed"/>
    <property name="os.arch" value="amd64"/>
    <property name="java.io.tmpdir" value="C:\Users\Afshan\AppData\Local\Temp\"/>
    <property name="line.separator" value="&#10;"/>
    <property name="java.vm.specification.vendor" value="Oracle Corporation"/>
    <property name="user.variant" value=""/>
    <property name="os.name" value="Windows 10"/>
    <property name="classworlds.conf" value="F:\spring-microservices\stsworks\.metadata\.plugins\org.eclipse.m2e.launching\launches\m2conf7223118323650395385.tmp"/>
    <property name="sun.jnu.encoding" value="Cp1252"/>
    <property name="java.library.path" value="F:\IoT-Architecture\IoT-Softwares\jdk1.8.0_65\bin;C:\WINDOWS\Sun\Java\bin;C:\WINDOWS\system32;C:\WINDOWS;C:/Program Files (x86)/Java/jre1.8.0_71/bin/client;C:/Program Files (x86)/Java/jre1.8.0_71/bin;C:/Program Files (x86)/Java/jre1.8.0_71/lib/i386;C:\ProgramData\Oracle\Java\javapath;C:\oraclexe\app\oracle\product\11.2.0\server\bin;C:\Program Files (x86)\Intel\iCLS Client\;C:\Program Files\Intel\iCLS Client\;C:\WINDOWS\system32;C:\WINDOWS;C:\WINDOWS\System32\Wbem;C:\WINDOWS\System32\WindowsPowerShell\v1.0\;C:\Program Files (x86)\Intel\Intel(R) Management Engine Components\DAL;C:\Program Files\Intel\Intel(R) Management Engine Components\DAL;C:\Program Files (x86)\Intel\Intel(R) Management Engine Components\IPT;C:\Program Files\Intel\Intel(R) Management Engine Components\IPT;C:\Program Files (x86)\nodejs\;C:\Program Files\TortoiseSVN\bin;C:\Program Files\Java\jdk1.8.0_65\bin;C:\Program Files (x86)\Skype\Phone\;C:\Program Files\Git\cmd;%JAVA_HOME\bin%;G:\apache-maven-3.2.5\bin;G:\apache-maven-3.2.5\bin;F:\gradle-2.14-bin\gradle-2.14\bin;%JRE_HOME%\bin;C:\Users\Afshan\AppData\Roaming\npm;G:\blogjs-master\blogjs-master\node_modules\.bin;F:\JAVAHOME\bin;C:\Program Files\Git;;F:\IoT-Architecture\zookeeper\zookeeper-3.4.9\bin;C:\Users\Afshan\AppData\Local\Microsoft\WindowsApps;F:\rabbitmqapp\Handle;C:\Program Files\Docker Toolbox;C:\Program Files\MongoDB\Server\3.4\bin;F:\spring-microservices\spring-tool-suite-3.9.0.RELEASE-e4.7.0-win32\sts-bundle\sts-3.9.0.RELEASE;;."/>
    <property name="java.specification.name" value="Java Platform API Specification"/>
    <property name="java.class.version" value="52.0"/>
    <property name="sun.management.compiler" value="HotSpot 64-Bit Tiered Compilers"/>
    <property name="os.version" value="10.0"/>
    <property name="user.home" value="C:\Users\Afshan"/>
    <property name="user.timezone" value="Asia/Calcutta"/>
    <property name="java.awt.printerjob" value="sun.awt.windows.WPrinterJob"/>
    <property name="java.specification.version" value="1.8"/>
    <property name="file.encoding" value="Cp1252"/>
    <property name="user.name" value="Afshan"/>
    <property name="java.class.path" value="/F:/spring-microservices/spring-tool-suite-3.9.0.RELEASE-e4.7.0-win32/sts-bundle/sts-3.9.0.RELEASE/plugins/org.eclipse.m2e.maven.runtime_1.8.0.20170516-2042/jars/plexus-classworlds-2.5.2.jar"/>
    <property name="java.vm.specification.version" value="1.8"/>
    <property name="sun.arch.data.model" value="64"/>
    <property name="java.home" value="F:\IoT-Architecture\IoT-Softwares\jdk1.8.0_65\jre"/>
    <property name="sun.java.command" value="org.codehaus.plexus.classworlds.launcher.Launcher -B install"/>
    <property name="java.specification.vendor" value="Oracle Corporation"/>
    <property name="user.language" value="en"/>
    <property name="awt.toolkit" value="sun.awt.windows.WToolkit"/>
    <property name="java.vm.info" value="mixed mode"/>
    <property name="java.version" value="1.8.0_65"/>
    <property name="java.ext.dirs" value="F:\IoT-Architecture\IoT-Softwares\jdk1.8.0_65\jre\lib\ext;C:\WINDOWS\Sun\Java\lib\ext"/>
    <property name="sun.boot.class.path" value="F:\IoT-Architecture\IoT-Softwares\jdk1.8.0_65\jre\lib\resources.jar;F:\IoT-Architecture\IoT-Softwares\jdk1.8.0_65\jre\lib\rt.jar;F:\IoT-Architecture\IoT-Softwares\jdk1.8.0_65\jre\lib\sunrsasign.jar;F:\IoT-Architecture\IoT-Softwares\jdk1.8.0_65\jre\lib\jsse.jar;F:\IoT-Architecture\IoT-Softwares\jdk1.8.0_65\jre\lib\jce.jar;F:\IoT-Architecture\IoT-Softwares\jdk1.8.0_65\jre\lib\charsets.jar;F:\IoT-Architecture\IoT-Softwares\jdk1.8.0_65\jre\lib\jfr.jar;F:\IoT-Architecture\IoT-Softwares\jdk1.8.0_65\jre\classes"/>
    <property name="java.vendor" value="Oracle Corporation"/>
    <property name="maven.home" value="F:\spring-microservices\stsworks\spring-boot-security-mongodb-auth1\EMBEDDED"/>
    <property name="file.separator" value="\"/>
    <property name="java.vendor.url.bug" value="http://bugreport.sun.com/bugreport/"/>
    <property name="sun.cpu.endian" value="little"/>
    <property name="sun.io.unicode.encoding" value="UnicodeLittle"/>
    <property name="sun.desktop" value="windows"/>
    <property name="sun.cpu.isalist" value="amd64"/>
  </properties>
  <testcase name="standardEncoder" classname="com.gkatzioura.spring.security.EncoderTest" time="0.42"/>
  <testcase name="customEncoder" classname="com.gkatzioura.spring.security.EncoderTest" time="0.68"/>
  <testcase name="bcryptEncoder" classname="com.gkatzioura.spring.security.EncoderTest" time="0.177"/>
  <testcase name="md5Encoder" classname="com.gkatzioura.spring.security.EncoderTest" time="0.004"/>
</testsuite>